d:\documents\visual studio 2013\projects\pic_xml\drawpicxml_v1.6\debug\vc120.pdb
d:\documents\visual studio 2013\projects\pic_xml\drawpicxml_v1.6\debug\processimage.obj
d:\documents\visual studio 2013\projects\pic_xml\drawpicxml_v1.6\debug\paintarea.obj
d:\documents\visual studio 2013\projects\pic_xml\drawpicxml_v1.6\debug\objstorage.obj
d:\documents\visual studio 2013\projects\pic_xml\drawpicxml_v1.6\debug\main.obj
d:\documents\visual studio 2013\projects\pic_xml\drawpicxml_v1.6\debug\loadinfo.obj
d:\documents\visual studio 2013\projects\pic_xml\drawpicxml_v1.6\debug\moc_processimage.obj
d:\documents\visual studio 2013\projects\pic_xml\drawpicxml_v1.6\debug\moc_paintarea.obj
d:\documents\visual studio 2013\projects\pic_xml\drawpicxml_v1.6\debug\moc_loadinfo.obj
d:\documents\visual studio 2013\projects\pic_xml\drawpicxml_v1.6\debug\moc_drawpicxml.obj
d:\documents\visual studio 2013\projects\pic_xml\drawpicxml_v1.6\debug\drawpicxml.obj
d:\documents\visual studio 2013\projects\pic_xml\drawpicxml_v1.6\debug\qrc_drawpicxml.obj
d:\documents\visual studio 2013\projects\pic_xml\drawpicxml_v1.6\generatedfiles\debug\moc_processimage.cpp
d:\documents\visual studio 2013\projects\pic_xml\drawpicxml_v1.6\generatedfiles\debug\moc_paintarea.cpp
d:\documents\visual studio 2013\projects\pic_xml\drawpicxml_v1.6\generatedfiles\qrc_drawpicxml.cpp
d:\documents\visual studio 2013\projects\pic_xml\drawpicxml_v1.6\generatedfiles\ui_processimage.h
d:\documents\visual studio 2013\projects\pic_xml\drawpicxml_v1.6\generatedfiles\debug\moc_loadinfo.cpp
d:\documents\visual studio 2013\projects\pic_xml\drawpicxml_v1.6\generatedfiles\ui_loadinfo.h
d:\documents\visual studio 2013\projects\pic_xml\drawpicxml_v1.6\generatedfiles\ui_drawpicxml.h
d:\documents\visual studio 2013\projects\pic_xml\drawpicxml_v1.6\generatedfiles\debug\moc_drawpicxml.cpp
d:\documents\visual studio 2013\projects\pic_xml\drawpicxml_v1.6\win32\debug\drawpicxml.ilk
d:\documents\visual studio 2013\projects\pic_xml\drawpicxml_v1.6\win32\debug\drawpicxml.exe
d:\documents\visual studio 2013\projects\pic_xml\drawpicxml_v1.6\win32\debug\drawpicxml.pdb
d:\documents\visual studio 2013\projects\pic_xml\drawpicxml_v1.6\debug\drawpicxml.tlog\cl.command.1.tlog
d:\documents\visual studio 2013\projects\pic_xml\drawpicxml_v1.6\debug\drawpicxml.tlog\cl.read.1.tlog
d:\documents\visual studio 2013\projects\pic_xml\drawpicxml_v1.6\debug\drawpicxml.tlog\cl.write.1.tlog
d:\documents\visual studio 2013\projects\pic_xml\drawpicxml_v1.6\debug\drawpicxml.tlog\custombuild.command.1.tlog
d:\documents\visual studio 2013\projects\pic_xml\drawpicxml_v1.6\debug\drawpicxml.tlog\custombuild.read.1.tlog
d:\documents\visual studio 2013\projects\pic_xml\drawpicxml_v1.6\debug\drawpicxml.tlog\custombuild.write.1.tlog
d:\documents\visual studio 2013\projects\pic_xml\drawpicxml_v1.6\debug\drawpicxml.tlog\link.command.1.tlog
d:\documents\visual studio 2013\projects\pic_xml\drawpicxml_v1.6\debug\drawpicxml.tlog\link.read.1.tlog
d:\documents\visual studio 2013\projects\pic_xml\drawpicxml_v1.6\debug\drawpicxml.tlog\link.write.1.tlog
