d:\documents\visual studio 2013\projects\pic_xml\drawpicxml\release\processimage.obj
d:\documents\visual studio 2013\projects\pic_xml\drawpicxml\release\paintarea.obj
d:\documents\visual studio 2013\projects\pic_xml\drawpicxml\release\main.obj
d:\documents\visual studio 2013\projects\pic_xml\drawpicxml\release\loadinfo.obj
d:\documents\visual studio 2013\projects\pic_xml\drawpicxml\release\drawpicxml.obj
d:\documents\visual studio 2013\projects\pic_xml\drawpicxml\release\objstorage.obj
d:\documents\visual studio 2013\projects\pic_xml\drawpicxml\release\moc_processimage.obj
d:\documents\visual studio 2013\projects\pic_xml\drawpicxml\release\moc_paintarea.obj
d:\documents\visual studio 2013\projects\pic_xml\drawpicxml\release\moc_loadinfo.obj
d:\documents\visual studio 2013\projects\pic_xml\drawpicxml\release\moc_drawpicxml.obj
d:\documents\visual studio 2013\projects\pic_xml\drawpicxml\release\qrc_drawpicxml.obj
d:\documents\visual studio 2013\projects\pic_xml\drawpicxml\generatedfiles\release\moc_processimage.cpp
d:\documents\visual studio 2013\projects\pic_xml\drawpicxml\generatedfiles\qrc_drawpicxml.cpp
d:\documents\visual studio 2013\projects\pic_xml\drawpicxml\generatedfiles\ui_loadinfo.h
d:\documents\visual studio 2013\projects\pic_xml\drawpicxml\generatedfiles\ui_processimage.h
d:\documents\visual studio 2013\projects\pic_xml\drawpicxml\generatedfiles\release\moc_drawpicxml.cpp
d:\documents\visual studio 2013\projects\pic_xml\drawpicxml\generatedfiles\release\moc_loadinfo.cpp
d:\documents\visual studio 2013\projects\pic_xml\drawpicxml\generatedfiles\release\moc_paintarea.cpp
d:\documents\visual studio 2013\projects\pic_xml\drawpicxml\generatedfiles\ui_drawpicxml.h
d:\documents\visual studio 2013\projects\pic_xml\drawpicxml\win32\release\drawpicxml.exe
d:\documents\visual studio 2013\projects\pic_xml\drawpicxml_v1.6\release\drawpicxml.obj
d:\documents\visual studio 2013\projects\pic_xml\drawpicxml_v1.6\release\loadinfo.obj
d:\documents\visual studio 2013\projects\pic_xml\drawpicxml_v1.6\release\main.obj
d:\documents\visual studio 2013\projects\pic_xml\drawpicxml_v1.6\release\moc_drawpicxml.obj
d:\documents\visual studio 2013\projects\pic_xml\drawpicxml_v1.6\release\moc_loadinfo.obj
d:\documents\visual studio 2013\projects\pic_xml\drawpicxml_v1.6\release\moc_paintarea.obj
d:\documents\visual studio 2013\projects\pic_xml\drawpicxml_v1.6\release\moc_processimage.obj
d:\documents\visual studio 2013\projects\pic_xml\drawpicxml_v1.6\release\objstorage.obj
d:\documents\visual studio 2013\projects\pic_xml\drawpicxml_v1.6\release\paintarea.obj
d:\documents\visual studio 2013\projects\pic_xml\drawpicxml_v1.6\release\processimage.obj
d:\documents\visual studio 2013\projects\pic_xml\drawpicxml_v1.6\release\qrc_drawpicxml.obj
d:\documents\visual studio 2013\projects\pic_xml\drawpicxml_v1.6\win32\release\drawpicxml.exe
d:\documents\visual studio 2013\projects\pic_xml\drawpicxml_v1.6\release\drawpicxml.tlog\cl.command.1.tlog
d:\documents\visual studio 2013\projects\pic_xml\drawpicxml_v1.6\release\drawpicxml.tlog\cl.read.1.tlog
d:\documents\visual studio 2013\projects\pic_xml\drawpicxml_v1.6\release\drawpicxml.tlog\cl.write.1.tlog
d:\documents\visual studio 2013\projects\pic_xml\drawpicxml_v1.6\release\drawpicxml.tlog\custombuild.command.1.tlog
d:\documents\visual studio 2013\projects\pic_xml\drawpicxml_v1.6\release\drawpicxml.tlog\custombuild.read.1.tlog
d:\documents\visual studio 2013\projects\pic_xml\drawpicxml_v1.6\release\drawpicxml.tlog\custombuild.write.1.tlog
d:\documents\visual studio 2013\projects\pic_xml\drawpicxml_v1.6\release\drawpicxml.tlog\link.command.1.tlog
d:\documents\visual studio 2013\projects\pic_xml\drawpicxml_v1.6\release\drawpicxml.tlog\link.read.1.tlog
d:\documents\visual studio 2013\projects\pic_xml\drawpicxml_v1.6\release\drawpicxml.tlog\link.write.1.tlog
